
Jan 19, 2020 13:30:12.56 NEW SESSION
Jan 19, 2020 13:30:12.56 [18516:19668:0119/133012.561:ERROR:socket_stream.cc(218)] Closing stream with result -2
Jan 19, 2020 18:32:40.50 [18516:19668:0119/183240.508:ERROR:socket_stream.cc(218)] Closing stream with result -2
Jan 19, 2020 18:32:43.81 [18516:19668:0119/183243.819:ERROR:connection_factory_impl.cc(418)] Failed to connect to MCS endpoint with error -21
Jan 20, 2020 21:36:50.86 [13076:8652:0120/213650.866:ERROR:socket_stream.cc(218)] Closing stream with result -2
Jan 20, 2020 21:38:43.60 [13076:8652:0120/213843.608:ERROR:connection_factory_impl.cc(418)] Failed to connect to MCS endpoint with error -106
Jan 20, 2020 21:38:43.60 [13076:25628:0120/213843.609:ERROR:get_updates_processor.cc(246)] PostClientToServerMessage() failed during GetUpdates
Jan 20, 2020 21:38:43.61 [13076:25628:0120/213843.611:ERROR:get_updates_processor.cc(246)] PostClientToServerMessage() failed during GetUpdates
Jan 20, 2020 21:40:51.37 [13076:8652:0120/214051.378:ERROR:connection_factory_impl.cc(418)] Failed to connect to MCS endpoint with error -106
Jan 20, 2020 21:41:14.84 [13076:8652:0120/214114.844:ERROR:connection_factory_impl.cc(418)] Failed to connect to MCS endpoint with error -106
Jan 20, 2020 21:42:08.37 [13076:8652:0120/214208.370:ERROR:connection_factory_impl.cc(418)] Failed to connect to MCS endpoint with error -106
Jan 20, 2020 21:43:31.42 [13076:8652:0120/214331.429:ERROR:connection_factory_impl.cc(418)] Failed to connect to MCS endpoint with error -106
Jan 20, 2020 21:47:07.22 [13076:8652:0120/214707.222:ERROR:connection_factory_impl.cc(418)] Failed to connect to MCS endpoint with error -106
Jan 20, 2020 21:52:58.18 [13076:8652:0120/215258.186:ERROR:connection_factory_impl.cc(418)] Failed to connect to MCS endpoint with error -106
Jan 20, 2020 22:23:51.35 [13076:8652:0120/222351.353:ERROR:connection_factory_impl.cc(418)] Failed to connect to MCS endpoint with error -106
Jan 20, 2020 22:23:51.35 [13076:23916:0120/222351.355:ERROR:gcm_channel_status_request.cc(145)] GCM channel request failed.
Jan 20, 2020 22:23:52.70 [13076:25628:0120/222352.706:ERROR:get_updates_processor.cc(246)] PostClientToServerMessage() failed during GetUpdates
Jan 20, 2020 22:23:57.18 [13076:8652:0120/222357.188:ERROR:connection_factory_impl.cc(418)] Failed to connect to MCS endpoint with error -21
Jan 20, 2020 22:23:58.54 [13076:25628:0120/222358.548:ERROR:get_updates_processor.cc(246)] PostClientToServerMessage() failed during GetUpdates
Jan 21, 2020 10:53:07.52 [13076:8652:0121/105307.522:ERROR:connection_factory_impl.cc(418)] Failed to connect to MCS endpoint with error -106
Jan 21, 2020 10:53:08.47 [13076:23916:0121/105308.472:ERROR:gcm_channel_status_request.cc(145)] GCM channel request failed.
Jan 21, 2020 10:53:09.75 [13076:25628:0121/105309.755:ERROR:get_updates_processor.cc(246)] PostClientToServerMessage() failed during GetUpdates

Jan 22, 2020 11:54:26.19 NEW SESSION
Jan 22, 2020 11:54:26.19 [18976:14476:0122/115426.189:ERROR:CONSOLE(764)] "Failed to execute 'postMessage' on 'DOMWindow': The target origin provided ('https://www.google.com') does not match the recipient window's origin ('chrome-search://local-ntp').", source: chrome-search://most-visited/single.js (764)
Jan 22, 2020 13:44:08.35 [18976:6800:0122/134408.358:ERROR:connection_factory_impl.cc(418)] Failed to connect to MCS endpoint with error -109
Jan 22, 2020 13:58:00.47 [18976:6800:0122/135800.474:ERROR:connection_factory_impl.cc(418)] Failed to connect to MCS endpoint with error -106

Jan 23, 2020 16:52:48.91 NEW SESSION
Jan 23, 2020 16:52:48.91 [11380:18512:0123/165248.915:ERROR:page_load_metrics_update_dispatcher.cc(165)] Invalid first_paint 0.638 s for first_image_paint 0.625 s
Jan 23, 2020 16:52:50.11 [11380:18512:0123/165250.110:ERROR:page_load_metrics_update_dispatcher.cc(165)] Invalid first_paint 0.638 s for first_image_paint 0.625 s
Jan 23, 2020 16:52:51.09 [11380:18512:0123/165251.097:ERROR:page_load_metrics_update_dispatcher.cc(165)] Invalid first_paint 0.638 s for first_image_paint 0.625 s
Jan 23, 2020 16:52:52.16 [11380:18512:0123/165252.161:ERROR:page_load_metrics_update_dispatcher.cc(165)] Invalid first_paint 0.638 s for first_image_paint 0.625 s
Jan 23, 2020 16:52:53.19 [11380:18512:0123/165253.190:ERROR:page_load_metrics_update_dispatcher.cc(165)] Invalid first_paint 0.638 s for first_image_paint 0.625 s
Jan 23, 2020 16:52:54.48 [11380:18512:0123/165254.480:ERROR:page_load_metrics_update_dispatcher.cc(165)] Invalid first_paint 0.638 s for first_image_paint 0.625 s
Jan 23, 2020 16:52:55.91 [11380:18512:0123/165255.910:ERROR:page_load_metrics_update_dispatcher.cc(165)] Invalid first_paint 0.638 s for first_image_paint 0.625 s
Jan 23, 2020 16:52:57.60 [11380:18512:0123/165257.601:ERROR:page_load_metrics_update_dispatcher.cc(165)] Invalid first_paint 0.638 s for first_image_paint 0.625 s
Jan 23, 2020 16:52:58.66 [11380:18512:0123/165258.668:ERROR:page_load_metrics_update_dispatcher.cc(165)] Invalid first_paint 0.638 s for first_image_paint 0.625 s
Jan 23, 2020 16:52:59.87 [11380:18512:0123/165259.872:ERROR:page_load_metrics_update_dispatcher.cc(165)] Invalid first_paint 0.638 s for first_image_paint 0.625 s
Jan 23, 2020 16:53:01.67 [11380:18512:0123/165301.675:ERROR:page_load_metrics_update_dispatcher.cc(165)] Invalid first_paint 0.638 s for first_image_paint 0.625 s
Jan 23, 2020 16:53:10.20 [11380:18512:0123/165310.202:ERROR:page_load_metrics_update_dispatcher.cc(165)] Invalid first_paint 0.638 s for first_image_paint 0.625 s
Jan 23, 2020 20:44:35.89 [11380:18160:0123/204435.891:ERROR:connection_factory_impl.cc(418)] Failed to connect to MCS endpoint with error -106
Jan 23, 2020 20:45:00.09 [11380:18160:0123/204500.093:ERROR:connection_factory_impl.cc(418)] Failed to connect to MCS endpoint with error -106
Jan 23, 2020 20:45:50.41 [11380:18512:0123/204550.416:ERROR:gcm_channel_status_request.cc(145)] GCM channel request failed.
Jan 23, 2020 20:45:56.07 [11380:18160:0123/204556.075:ERROR:connection_factory_impl.cc(418)] Failed to connect to MCS endpoint with error -106
Jan 23, 2020 20:46:20.35 [11380:18512:0123/204620.350:ERROR:gcm_channel_status_request.cc(145)] GCM channel request failed.
Jan 23, 2020 20:47:09.73 [11380:18512:0123/204709.729:ERROR:gcm_channel_status_request.cc(145)] GCM channel request failed.
Jan 23, 2020 20:47:42.75 [11380:18160:0123/204742.758:ERROR:connection_factory_impl.cc(418)] Failed to connect to MCS endpoint with error -106
Jan 23, 2020 20:48:43.94 [11380:18512:0123/204843.946:ERROR:gcm_channel_status_request.cc(145)] GCM channel request failed.
Jan 23, 2020 20:51:08.42 [11380:18160:0123/205108.428:ERROR:connection_factory_impl.cc(418)] Failed to connect to MCS endpoint with error -106
Jan 23, 2020 20:52:08.26 [11380:18512:0123/205208.264:ERROR:gcm_channel_status_request.cc(145)] GCM channel request failed.
Jan 23, 2020 21:39:12.92 [11380:18160:0123/213912.920:ERROR:connection_factory_impl.cc(418)] Failed to connect to MCS endpoint with error -106
Jan 24, 2020 09:57:17.56 [11380:18160:0124/095717.561:ERROR:connection_factory_impl.cc(418)] Failed to connect to MCS endpoint with error -106
Jan 24, 2020 09:57:20.34 [11380:18512:0124/095720.340:ERROR:gcm_channel_status_request.cc(145)] GCM channel request failed.
Jan 24, 2020 09:57:20.34 [11380:17224:0124/095720.342:ERROR:get_updates_processor.cc(246)] PostClientToServerMessage() failed during GetUpdates
